<?xml version="1.0" encoding="UTF-8"?>
<testsuite xmlns:xsi="http://www.w3.org/2001/XMLSchema-instance" xsi:noNamespaceSchemaLocation="https://maven.apache.org/surefire/maven-surefire-plugin/xsd/surefire-test-report-3.0.xsd" version="3.0" name="com.formation.test.SimpleInterestCalculatorJUnit4Tests" time="0.086" tests="2" errors="0" skipped="0" failures="0">
  <properties>
    <property name="sun.desktop" value="windows"/>
    <property name="awt.toolkit" value="sun.awt.windows.WToolkit"/>
    <property name="file.encoding.pkg" value="sun.io"/>
    <property name="java.specification.version" value="1.8"/>
    <property name="sun.cpu.isalist" value="amd64"/>
    <property name="sun.jnu.encoding" value="Cp1252"/>
    <property name="java.class.path" value="D:\AA\Pro\MonCatalogue\Jenkins\workspace\Project_PMD\target\test-classes;D:\AA\Pro\MonCatalogue\Jenkins\workspace\Project_PMD\target\classes;C:\Users\Jean\.m2\repository\junit\junit\4.12\junit-4.12.jar;C:\Users\Jean\.m2\repository\org\hamcrest\hamcrest-core\1.3\hamcrest-core-1.3.jar;"/>
    <property name="java.vm.vendor" value="Oracle Corporation"/>
    <property name="sun.arch.data.model" value="64"/>
    <property name="user.variant" value=""/>
    <property name="java.vendor.url" value="http://java.oracle.com/"/>
    <property name="user.timezone" value="Europe/Paris"/>
    <property name="java.vm.specification.version" value="1.8"/>
    <property name="os.name" value="Windows 10"/>
    <property name="user.country" value="FR"/>
    <property name="sun.java.launcher" value="SUN_STANDARD"/>
    <property name="sun.boot.library.path" value="D:\AA\Pro\Progs\Java8_JDK\jre\bin"/>
    <property name="sun.java.command" value="C:\Users\Jean\AppData\Local\Temp\surefire6432808371911469122\surefirebooter3885223988310366298.jar C:\Users\Jean\AppData\Local\Temp\surefire6432808371911469122 2020-06-14T18-25-43_541-jvmRun1 surefire2464968601476172605tmp surefire_03418078252479099911tmp"/>
    <property name="surefire.test.class.path" value="D:\AA\Pro\MonCatalogue\Jenkins\workspace\Project_PMD\target\test-classes;D:\AA\Pro\MonCatalogue\Jenkins\workspace\Project_PMD\target\classes;C:\Users\Jean\.m2\repository\junit\junit\4.12\junit-4.12.jar;C:\Users\Jean\.m2\repository\org\hamcrest\hamcrest-core\1.3\hamcrest-core-1.3.jar;"/>
    <property name="sun.cpu.endian" value="little"/>
    <property name="user.home" value="C:\Users\Jean"/>
    <property name="user.language" value="fr"/>
    <property name="java.specification.vendor" value="Oracle Corporation"/>
    <property name="java.home" value="D:\AA\Pro\Progs\Java8_JDK\jre"/>
    <property name="basedir" value="D:\AA\Pro\MonCatalogue\Jenkins\workspace\Project_PMD"/>
    <property name="file.separator" value="\"/>
    <property name="line.separator" value="&#10;"/>
    <property name="java.vm.specification.vendor" value="Oracle Corporation"/>
    <property name="java.specification.name" value="Java Platform API Specification"/>
    <property name="java.awt.graphicsenv" value="sun.awt.Win32GraphicsEnvironment"/>
    <property name="surefire.real.class.path" value="C:\Users\Jean\AppData\Local\Temp\surefire6432808371911469122\surefirebooter3885223988310366298.jar"/>
    <property name="sun.boot.class.path" value="D:\AA\Pro\Progs\Java8_JDK\jre\lib\resources.jar;D:\AA\Pro\Progs\Java8_JDK\jre\lib\rt.jar;D:\AA\Pro\Progs\Java8_JDK\jre\lib\sunrsasign.jar;D:\AA\Pro\Progs\Java8_JDK\jre\lib\jsse.jar;D:\AA\Pro\Progs\Java8_JDK\jre\lib\jce.jar;D:\AA\Pro\Progs\Java8_JDK\jre\lib\charsets.jar;D:\AA\Pro\Progs\Java8_JDK\jre\lib\jfr.jar;D:\AA\Pro\Progs\Java8_JDK\jre\classes"/>
    <property name="user.script" value=""/>
    <property name="sun.management.compiler" value="HotSpot 64-Bit Tiered Compilers"/>
    <property name="java.runtime.version" value="1.8.0_73-b02"/>
    <property name="user.name" value="Jean"/>
    <property name="path.separator" value=";"/>
    <property name="os.version" value="10.0"/>
    <property name="java.endorsed.dirs" value="D:\AA\Pro\Progs\Java8_JDK\jre\lib\endorsed"/>
    <property name="java.runtime.name" value="Java(TM) SE Runtime Environment"/>
    <property name="file.encoding" value="Cp1252"/>
    <property name="java.vm.name" value="Java HotSpot(TM) 64-Bit Server VM"/>
    <property name="localRepository" value="C:\Users\Jean\.m2\repository"/>
    <property name="java.vendor.url.bug" value="http://bugreport.sun.com/bugreport/"/>
    <property name="java.io.tmpdir" value="C:\Users\Jean\AppData\Local\Temp\"/>
    <property name="java.version" value="1.8.0_73"/>
    <property name="user.dir" value="D:\AA\Pro\MonCatalogue\Jenkins\workspace\Project_PMD"/>
    <property name="os.arch" value="amd64"/>
    <property name="java.vm.specification.name" value="Java Virtual Machine Specification"/>
    <property name="java.awt.printerjob" value="sun.awt.windows.WPrinterJob"/>
    <property name="sun.os.patch.level" value=""/>
    <property name="java.library.path" value="D:\AA\Pro\Progs\Java8_JDK\jre\bin;C:\WINDOWS\Sun\Java\bin;C:\WINDOWS\system32;C:\WINDOWS;D:/AA/Pro/Progs/Java8_JDK/bin/../jre/bin/server;D:/AA/Pro/Progs/Java8_JDK/bin/../jre/bin;D:/AA/Pro/Progs/Java8_JDK/bin/../jre/lib/amd64;C:\Program Files (x86)\Intel\iCLS Client\;C:\Program Files\Intel\iCLS Client\;C:\WINDOWS\system32;C:\WINDOWS;C:\WINDOWS\System32\Wbem;C:\WINDOWS\System32\WindowsPowerShell\v1.0\;C:\Program Files (x86)\Intel\Intel(R) Management Engine Components\DAL;C:\Program Files\Intel\Intel(R) Management Engine Components\DAL;C:\Program Files (x86)\Intel\Intel(R) Management Engine Components\IPT;C:\Program Files\Intel\Intel(R) Management Engine Components\IPT;C:\Program Files\Intel\WiFi\bin\;C:\Program Files\Common Files\Intel\WirelessCommon\;D:\AA\Pro\Servers\MongoDB346\bin;D:\AA\Pro\Progs\NodeJs;D:\AA\Pro\Progs\Android\sdk\tools;D:\AA\Pro\Progs\Android\sdk\platform-tools;D:\AA\Pro\Progs\curl-7.59.0\src;D:\AA\Pro\Servers\logstash-6.2.4\bin;C:\WINDOWS\System32\OpenSSH\;D:\AA\Pro\Progs\scala-2.11.12\bin;D:\AA\Pro\Progs\spark-2.3.0\bin;D:\AA\Pro\Progs\winutils\bin;D:\AA\Pro\Progs\sbt-1.1.6\sbt\bin;D:\AA\Pro\Progs\Android\AndroidStudio\gradle\gradle-3.2\bin;D:\AA\Pro\Progs\nodejs\;D:\AA\Pro\Progs\apache-maven-3.3.9\bin;D:\AA\Pro\Progs\Perforce\;D:\AA\Pro\Progs\kubernetes\;D:\AA\Pro\Progs\kubernetes\windows-amd64;C:\Program Files\Docker\Docker\Resources\bin;D:\AA\Pro\Servers\zookeeper-3.4.10\bin;C:\Program Files (x86)\Microsoft VS Code\bin;D:\AA\Pro\Progs\Putty072\;D:\AA\Pro\Progs\HashiCorp\Vagrant\bin;D:\AA\Pro\Servers\sonarqube-6.7.7\bin;D:\AA\Pro\Progs\Python38\Scripts\;D:\AA\Pro\Progs\Python38\;C:\Users\Jean\AppData\Local\Microsoft\WindowsApps;D:\AA\Pro\Progs\Java8_JDK\bin;D:\AA\Pro\Progs\Microsoft VS Code\bin;C:\Users\Jean\AppData\Roaming\npm;D:\AA\Pro\Progs\Git\cmd;C:\Program Files (x86)\Microsoft VS Code\bin;D:\AA\Pro\Progs\Android\AndroidStudio\gradle\gradle-3.2;C:\Users\Jean\AppData\Roaming\npm;D:\AA\Pro\Progs\Git\usr\bin;D:\AA\Pro\Progs\sonar-scanner-4.3.0.2102-windows\bin;;D:\AA\Pro\Progs\eclipse\eclipse-jee-neon-2-win32-x86_64\eclipse;;."/>
    <property name="java.vm.info" value="mixed mode"/>
    <property name="java.vendor" value="Oracle Corporation"/>
    <property name="java.vm.version" value="25.73-b02"/>
    <property name="java.ext.dirs" value="D:\AA\Pro\Progs\Java8_JDK\jre\lib\ext;C:\WINDOWS\Sun\Java\lib\ext"/>
    <property name="sun.io.unicode.encoding" value="UnicodeLittle"/>
    <property name="java.class.version" value="52.0"/>
  </properties>
  <testcase name="testCalculate" classname="com.formation.test.SimpleInterestCalculatorJUnit4Tests" time="0.017"/>
  <testcase name="testIllegalCalculate" classname="com.formation.test.SimpleInterestCalculatorJUnit4Tests" time="0"/>
</testsuite>